<?xml version="1.0" encoding="UTF-8"?>
<robot generator="Robot 4.1.3 (Python 3.10.7 on win32)" generated="20221006 21:13:09.221" rpa="false" schemaversion="2">
<suite id="s1" name="Get-User-Profile" source="C:\Users\User\Documents\Robot\truemoney\Automation-Test\rest-api\get-user-profile.robot">
<test id="s1-t1" name="TC1">
<kw name="Get user profile success">
<kw name="GET" library="RequestsLibrary">
<var>${resp_success}</var>
<arg>${URL}/api/users/${ID_SUCCESS}</arg>
<doc>Sends a GET request.</doc>
<msg timestamp="20221006 21:13:09.581" level="INFO">GET Request : url=https://reqres.in/api/users/12 
 path_url=/api/users/12 
 headers={'User-Agent': 'python-requests/2.28.1', 'Accept-Encoding': 'gzip, deflate', 'Accept': '*/*', 'Connection': 'keep-alive'} 
 body=None 
 </msg>
<msg timestamp="20221006 21:13:09.581" level="INFO">GET Response : url=https://reqres.in/api/users/12 
 status=200, reason=OK 
 headers={'Date': 'Thu, 06 Oct 2022 14:13:09 GMT', 'Content-Type': 'application/json; charset=utf-8', 'Transfer-Encoding': 'chunked', 'Connection': 'keep-alive', 'X-Powered-By': 'Express', 'Access-Control-Allow-Origin': '*', 'Etag': 'W/"11c-Y8Nrcu5DO2DrJvfp3zc2PKGiar4"', 'Via': '1.1 vegur', 'Cache-Control': 'max-age=14400', 'CF-Cache-Status': 'HIT', 'Age': '2341', 'Report-To': '{"endpoints":[{"url":"https:\\/\\/a.nel.cloudflare.com\\/report\\/v3?s=ag1eHcnCG%2BmyatDqhjbdOsi730Uw0nJBPh8EDm5EGlSSCysi%2FaXCVH09oql%2BA5tW4gZHEfR4p2CiA%2FgtFGNa%2B0dn6%2BQ%2FkLoutHMgN33o66ezeKR%2BLfdHk%2Fvbh%2B2pykI0eKGU5b6DFg%3D%3D"}],"group":"cf-nel","max_age":604800}', 'NEL': '{"success_fraction":0,"report_to":"cf-nel","max_age":604800}', 'Vary': 'Accept-Encoding', 'Server': 'cloudflare', 'CF-RAY': '755efefefd73893c-SIN', 'Content-Encoding': 'gzip'} 
 body={"data":{"id":12,"email":"rachel.howell@reqres.in","first_name":"Rachel","last_name":"Howell","avatar":"https://reqres.in/img/faces/12-image.jpg"},"support":{"url":"https://reqres.in/#support-heading","text":"To keep ReqRes free, contributions towards server costs are appreciated!"}} 
 </msg>
<msg timestamp="20221006 21:13:09.581" level="INFO">${resp_success} = &lt;Response [200]&gt;</msg>
<status status="PASS" starttime="20221006 21:13:09.350" endtime="20221006 21:13:09.581"/>
</kw>
<kw name="Log To Console" library="BuiltIn">
<arg>${resp_success.status_code}</arg>
<doc>Logs the given message to the console.</doc>
<status status="PASS" starttime="20221006 21:13:09.582" endtime="20221006 21:13:09.583"/>
</kw>
<kw name="Status Should Be" library="RequestsLibrary">
<arg>200</arg>
<doc>Fails if response status code is different than the expected.</doc>
<status status="PASS" starttime="20221006 21:13:09.583" endtime="20221006 21:13:09.583"/>
</kw>
<kw name="Log To Console" library="BuiltIn">
<arg>${resp_success.headers}</arg>
<doc>Logs the given message to the console.</doc>
<status status="PASS" starttime="20221006 21:13:09.583" endtime="20221006 21:13:09.584"/>
</kw>
<kw name="Should Be Equal" library="BuiltIn">
<arg>${resp_success.headers}[Content-Type]</arg>
<arg>application/json; charset=utf-8</arg>
<doc>Fails if the given objects are unequal.</doc>
<status status="PASS" starttime="20221006 21:13:09.584" endtime="20221006 21:13:09.585"/>
</kw>
<kw name="Log To Console" library="BuiltIn">
<arg>${resp_success.content}</arg>
<doc>Logs the given message to the console.</doc>
<status status="PASS" starttime="20221006 21:13:09.585" endtime="20221006 21:13:09.586"/>
</kw>
<kw name="Should Be Equal As Strings" library="BuiltIn">
<arg>${resp_success.json()}[data][id]</arg>
<arg>${ID_SUCCESS}</arg>
<doc>Fails if objects are unequal after converting them to strings.</doc>
<msg timestamp="20221006 21:13:09.586" level="INFO">Argument types are:
&lt;class 'int'&gt;
&lt;type 'unicode'&gt;</msg>
<status status="PASS" starttime="20221006 21:13:09.586" endtime="20221006 21:13:09.586"/>
</kw>
<kw name="Should Be Equal As Strings" library="BuiltIn">
<arg>${resp_success.json()}[data][email]</arg>
<arg>${EMAIL_SUCCESS}</arg>
<doc>Fails if objects are unequal after converting them to strings.</doc>
<status status="PASS" starttime="20221006 21:13:09.586" endtime="20221006 21:13:09.587"/>
</kw>
<kw name="Should Be Equal As Strings" library="BuiltIn">
<arg>${resp_success.json()}[data][first_name]</arg>
<arg>${FNAME_SUCCESS}</arg>
<doc>Fails if objects are unequal after converting them to strings.</doc>
<status status="PASS" starttime="20221006 21:13:09.587" endtime="20221006 21:13:09.588"/>
</kw>
<kw name="Should Be Equal As Strings" library="BuiltIn">
<arg>${resp_success.json()}[data][last_name]</arg>
<arg>${LNAME_SUCCESS}</arg>
<doc>Fails if objects are unequal after converting them to strings.</doc>
<status status="PASS" starttime="20221006 21:13:09.588" endtime="20221006 21:13:09.589"/>
</kw>
<kw name="Should Be Equal As Strings" library="BuiltIn">
<arg>${resp_success.json()}[data][avatar]</arg>
<arg>${AVATAR_SUCCESS}</arg>
<doc>Fails if objects are unequal after converting them to strings.</doc>
<status status="PASS" starttime="20221006 21:13:09.589" endtime="20221006 21:13:09.590"/>
</kw>
<status status="PASS" starttime="20221006 21:13:09.350" endtime="20221006 21:13:09.590"/>
</kw>
<doc>Get user profile success</doc>
<tag>passed</tag>
<status status="PASS" starttime="20221006 21:13:09.349" endtime="20221006 21:13:09.590"/>
</test>
<test id="s1-t2" name="TC2">
<kw name="Get user profile but user not found">
<kw name="GET" library="RequestsLibrary">
<var>${resp_fail}</var>
<arg>${URL}/api/users/${ID_FAIL}</arg>
<arg>expected_status=404</arg>
<doc>Sends a GET request.</doc>
<msg timestamp="20221006 21:13:10.296" level="INFO">GET Request : url=https://reqres.in/api/users/1234 
 path_url=/api/users/1234 
 headers={'User-Agent': 'python-requests/2.28.1', 'Accept-Encoding': 'gzip, deflate', 'Accept': '*/*', 'Connection': 'keep-alive'} 
 body=None 
 </msg>
<msg timestamp="20221006 21:13:10.296" level="INFO">GET Response : url=https://reqres.in/api/users/1234 
 status=404, reason=Not Found 
 headers={'Date': 'Thu, 06 Oct 2022 14:13:10 GMT', 'Content-Type': 'application/json; charset=utf-8', 'Content-Length': '2', 'Connection': 'keep-alive', 'X-Powered-By': 'Express', 'Access-Control-Allow-Origin': '*', 'Etag': 'W/"2-vyGp6PvFo4RvsFtPoIWeCReyIC8"', 'Via': '1.1 vegur', 'Cache-Control': 'max-age=14400', 'CF-Cache-Status': 'EXPIRED', 'Report-To': '{"endpoints":[{"url":"https:\\/\\/a.nel.cloudflare.com\\/report\\/v3?s=G0g4SVn7r7aZP5%2B9%2BIWKS84FaC%2FMuUVyg177V7y%2BkM4P00HFj%2ByIZHGuJxxpKl467QQIQIl8cxwOdyrkv5v1wPUj9ye%2BVyLrEjzWjvYhrG8HOeZMOtZ4UDDPej4MAIBkkjiRRybEQg%3D%3D"}],"group":"cf-nel","max_age":604800}', 'NEL': '{"success_fraction":0,"report_to":"cf-nel","max_age":604800}', 'Vary': 'Accept-Encoding', 'Server': 'cloudflare', 'CF-RAY': '755eff00ab9c9fb0-SIN'} 
 body={} 
 </msg>
<msg timestamp="20221006 21:13:10.296" level="INFO">${resp_fail} = &lt;Response [404]&gt;</msg>
<status status="PASS" starttime="20221006 21:13:09.591" endtime="20221006 21:13:10.296"/>
</kw>
<kw name="Log To Console" library="BuiltIn">
<arg>${resp_fail.status_code}</arg>
<doc>Logs the given message to the console.</doc>
<status status="PASS" starttime="20221006 21:13:10.296" endtime="20221006 21:13:10.297"/>
</kw>
<kw name="Status Should Be" library="RequestsLibrary">
<arg>404</arg>
<doc>Fails if response status code is different than the expected.</doc>
<status status="PASS" starttime="20221006 21:13:10.297" endtime="20221006 21:13:10.297"/>
</kw>
<kw name="Log To Console" library="BuiltIn">
<arg>${resp_fail.content}</arg>
<doc>Logs the given message to the console.</doc>
<status status="PASS" starttime="20221006 21:13:10.297" endtime="20221006 21:13:10.298"/>
</kw>
<kw name="Should Be Equal As Strings" library="BuiltIn">
<arg>${resp_fail.json()}</arg>
<arg>{}</arg>
<doc>Fails if objects are unequal after converting them to strings.</doc>
<msg timestamp="20221006 21:13:10.298" level="INFO">Argument types are:
&lt;class 'dict'&gt;
&lt;type 'unicode'&gt;</msg>
<status status="PASS" starttime="20221006 21:13:10.298" endtime="20221006 21:13:10.298"/>
</kw>
<kw name="Log To Console" library="BuiltIn">
<arg>${resp_fail.headers}</arg>
<doc>Logs the given message to the console.</doc>
<status status="PASS" starttime="20221006 21:13:10.298" endtime="20221006 21:13:10.300"/>
</kw>
<kw name="Should Be Equal" library="BuiltIn">
<arg>${resp_fail.headers}[Content-Type]</arg>
<arg>application/json; charset=utf-8</arg>
<doc>Fails if the given objects are unequal.</doc>
<status status="PASS" starttime="20221006 21:13:10.300" endtime="20221006 21:13:10.300"/>
</kw>
<status status="PASS" starttime="20221006 21:13:09.591" endtime="20221006 21:13:10.300"/>
</kw>
<doc>Get user profile but user not found</doc>
<tag>failed</tag>
<status status="PASS" starttime="20221006 21:13:09.591" endtime="20221006 21:13:10.301"/>
</test>
<kw name="Delete All Sessions" library="RequestsLibrary" type="TEARDOWN">
<doc>Removes all the session objects</doc>
<msg timestamp="20221006 21:13:10.302" level="INFO">Deleting All Sessions</msg>
<status status="PASS" starttime="20221006 21:13:10.302" endtime="20221006 21:13:10.302"/>
</kw>
<status status="PASS" starttime="20221006 21:13:09.232" endtime="20221006 21:13:10.302"/>
</suite>
<statistics>
<total>
<stat pass="2" fail="0" skip="0">All Tests</stat>
</total>
<tag>
<stat pass="1" fail="0" skip="0">failed</stat>
<stat pass="1" fail="0" skip="0">passed</stat>
</tag>
<suite>
<stat pass="2" fail="0" skip="0" id="s1" name="Get-User-Profile">Get-User-Profile</stat>
</suite>
</statistics>
<errors>
</errors>
</robot>
