<?xml version="1.0" encoding="UTF-8"?>
<robot generator="Robot 4.1.3 (Python 3.10.7 on win32)" generated="20221006 21:27:19.248" rpa="false" schemaversion="2">
<suite id="s1" name="Login-Page-Testcase" source="C:\Users\User\Documents\Robot\truemoney\Automation-Test\login-page\login-page-testcase.robot">
<test id="s1-t1" name="TC1">
<kw name="Open browser to Login Page" library="login-page-keywords" type="SETUP">
<kw name="Get Variable Value" library="BuiltIn">
<var>${BROWSER}</var>
<arg>${BROWSER}</arg>
<arg>${DEFAULT_BROWSER}</arg>
<doc>Returns variable value or ``default`` if the variable does not exist.</doc>
<msg timestamp="20221006 21:27:19.682" level="INFO">${BROWSER} = chrome</msg>
<status status="PASS" starttime="20221006 21:27:19.681" endtime="20221006 21:27:19.683"/>
</kw>
<kw name="Get Variable Value" library="BuiltIn">
<var>${HEADLESS}</var>
<arg>${HEADLESS}</arg>
<arg>${False}</arg>
<doc>Returns variable value or ``default`` if the variable does not exist.</doc>
<msg timestamp="20221006 21:27:19.684" level="INFO">${HEADLESS} = False</msg>
<status status="PASS" starttime="20221006 21:27:19.683" endtime="20221006 21:27:19.684"/>
</kw>
<kw name="Create Dictionary" library="BuiltIn">
<var>&amp;{options}</var>
<arg>headless=${HEADLESS}</arg>
<doc>Creates and returns a dictionary based on the given ``items``.</doc>
<msg timestamp="20221006 21:27:19.684" level="INFO">&amp;{options} = { headless=False }</msg>
<status status="PASS" starttime="20221006 21:27:19.684" endtime="20221006 21:27:19.684"/>
</kw>
<kw name="Open Browser" library="PuppeteerLibrary">
<arg>${HOME_PAGE_URL}</arg>
<arg>browser=${BROWSER}</arg>
<arg>options=${options}</arg>
<doc>Opens a new browser instance to the specific ``url``.</doc>
<msg timestamp="20221006 21:27:19.685" level="INFO">http://the-internet.herokuapp.com/login</msg>
<status status="PASS" starttime="20221006 21:27:19.684" endtime="20221006 21:27:24.490"/>
</kw>
<kw name="Start Tracing" library="PuppeteerLibrary">
<doc>Create trace log file</doc>
<status status="PASS" starttime="20221006 21:27:24.491" endtime="20221006 21:27:24.503"/>
</kw>
<kw name="Wait Until Element Contains" library="PuppeteerLibrary">
<arg>xpath://h2[contains(text(),'Login Page')]</arg>
<arg>Login Page</arg>
<doc>Waits until ``locator`` element contains ``text``.</doc>
<status status="PASS" starttime="20221006 21:27:24.503" endtime="20221006 21:27:24.547"/>
</kw>
<status status="PASS" starttime="20221006 21:27:19.681" endtime="20221006 21:27:24.547"/>
</kw>
<kw name="Input a correct username and password" library="login-page-keywords">
<kw name="Input Text" library="PuppeteerLibrary">
<arg>id:username</arg>
<arg>${USERNAME_SUCCESS}</arg>
<doc>Types the given text into text field identified by ``locator``.</doc>
<msg timestamp="20221006 21:27:24.548" level="INFO">Typing text 'tomsmith' into text field 'id:username'.</msg>
<status status="PASS" starttime="20221006 21:27:24.548" endtime="20221006 21:27:24.684"/>
</kw>
<kw name="Input Password" library="PuppeteerLibrary">
<arg>id:password</arg>
<arg>${PASSWORD_SUCCESS}</arg>
<doc>Types the given text into text field same as ``Input Text`` Keyword.</doc>
<msg timestamp="20221006 21:27:24.685" level="INFO">Typing password into text field 'id:password'.</msg>
<status status="PASS" starttime="20221006 21:27:24.684" endtime="20221006 21:27:24.803"/>
</kw>
<status status="PASS" starttime="20221006 21:27:24.548" endtime="20221006 21:27:24.803"/>
</kw>
<kw name="Click Login button success" library="login-page-keywords">
<kw name="Click Button" library="PuppeteerLibrary">
<arg>css:button[type='submit']</arg>
<doc>Clicks button identified by ``locator``.</doc>
<msg timestamp="20221006 21:27:24.804" level="INFO">Clicking button 'css:button[type='submit']'.</msg>
<status status="PASS" starttime="20221006 21:27:24.803" endtime="20221006 21:27:26.166"/>
</kw>
<kw name="Wait Until Element Contains" library="PuppeteerLibrary">
<arg>id:flash</arg>
<arg>You logged into a secure area!</arg>
<doc>Waits until ``locator`` element contains ``text``.</doc>
<status status="PASS" starttime="20221006 21:27:26.166" endtime="20221006 21:27:26.238"/>
</kw>
<status status="PASS" starttime="20221006 21:27:24.803" endtime="20221006 21:27:26.238"/>
</kw>
<kw name="Click Logout button" library="login-page-keywords">
<kw name="Wait Until Element Contains" library="PuppeteerLibrary">
<arg>xpath://h2[normalize-space()='Secure Area']</arg>
<arg>Secure Area</arg>
<doc>Waits until ``locator`` element contains ``text``.</doc>
<status status="PASS" starttime="20221006 21:27:26.239" endtime="20221006 21:27:26.248"/>
</kw>
<kw name="Click Element" library="PuppeteerLibrary">
<arg>xpath://a[@class='button secondary radius']</arg>
<doc>Clicks element identified by ``locator``.</doc>
<msg timestamp="20221006 21:27:26.249" level="INFO">Clicking element 'xpath://a[@class='button secondary radius']'.</msg>
<status status="PASS" starttime="20221006 21:27:26.249" endtime="20221006 21:27:28.823"/>
</kw>
<kw name="Wait Until Element Contains" library="PuppeteerLibrary">
<arg>id:flash</arg>
<arg>You logged out of the secure area!</arg>
<doc>Waits until ``locator`` element contains ``text``.</doc>
<status status="PASS" starttime="20221006 21:27:28.823" endtime="20221006 21:27:28.911"/>
</kw>
<status status="PASS" starttime="20221006 21:27:26.239" endtime="20221006 21:27:28.912"/>
</kw>
<kw name="Test teardown" library="login-page-keywords" type="TEARDOWN">
<kw name="Stop Tracing" library="PuppeteerLibrary">
<doc>Stop trace and generate the trace file.</doc>
<status status="PASS" starttime="20221006 21:27:28.913" endtime="20221006 21:27:29.054"/>
</kw>
<kw name="Close All Browser" library="PuppeteerLibrary">
<doc>Close all browser</doc>
<status status="PASS" starttime="20221006 21:27:29.054" endtime="20221006 21:27:29.646"/>
</kw>
<status status="PASS" starttime="20221006 21:27:28.912" endtime="20221006 21:27:29.646"/>
</kw>
<doc>Login success</doc>
<tag>passed</tag>
<status status="PASS" starttime="20221006 21:27:19.680" endtime="20221006 21:27:29.647"/>
</test>
<test id="s1-t2" name="TC2">
<kw name="Open browser to Login Page" library="login-page-keywords" type="SETUP">
<kw name="Get Variable Value" library="BuiltIn">
<var>${BROWSER}</var>
<arg>${BROWSER}</arg>
<arg>${DEFAULT_BROWSER}</arg>
<doc>Returns variable value or ``default`` if the variable does not exist.</doc>
<msg timestamp="20221006 21:27:29.650" level="INFO">${BROWSER} = chrome</msg>
<status status="PASS" starttime="20221006 21:27:29.648" endtime="20221006 21:27:29.650"/>
</kw>
<kw name="Get Variable Value" library="BuiltIn">
<var>${HEADLESS}</var>
<arg>${HEADLESS}</arg>
<arg>${False}</arg>
<doc>Returns variable value or ``default`` if the variable does not exist.</doc>
<msg timestamp="20221006 21:27:29.652" level="INFO">${HEADLESS} = False</msg>
<status status="PASS" starttime="20221006 21:27:29.650" endtime="20221006 21:27:29.652"/>
</kw>
<kw name="Create Dictionary" library="BuiltIn">
<var>&amp;{options}</var>
<arg>headless=${HEADLESS}</arg>
<doc>Creates and returns a dictionary based on the given ``items``.</doc>
<msg timestamp="20221006 21:27:29.653" level="INFO">&amp;{options} = { headless=False }</msg>
<status status="PASS" starttime="20221006 21:27:29.652" endtime="20221006 21:27:29.653"/>
</kw>
<kw name="Open Browser" library="PuppeteerLibrary">
<arg>${HOME_PAGE_URL}</arg>
<arg>browser=${BROWSER}</arg>
<arg>options=${options}</arg>
<doc>Opens a new browser instance to the specific ``url``.</doc>
<msg timestamp="20221006 21:27:29.653" level="INFO">http://the-internet.herokuapp.com/login</msg>
<status status="PASS" starttime="20221006 21:27:29.653" endtime="20221006 21:27:37.840"/>
</kw>
<kw name="Start Tracing" library="PuppeteerLibrary">
<doc>Create trace log file</doc>
<status status="PASS" starttime="20221006 21:27:37.840" endtime="20221006 21:27:37.852"/>
</kw>
<kw name="Wait Until Element Contains" library="PuppeteerLibrary">
<arg>xpath://h2[contains(text(),'Login Page')]</arg>
<arg>Login Page</arg>
<doc>Waits until ``locator`` element contains ``text``.</doc>
<status status="PASS" starttime="20221006 21:27:37.853" endtime="20221006 21:27:37.898"/>
</kw>
<status status="PASS" starttime="20221006 21:27:29.648" endtime="20221006 21:27:37.898"/>
</kw>
<kw name="Input a correct username but wrong password" library="login-page-keywords">
<kw name="Input Text" library="PuppeteerLibrary">
<arg>id:username</arg>
<arg>${USERNAME_SUCCESS}</arg>
<doc>Types the given text into text field identified by ``locator``.</doc>
<msg timestamp="20221006 21:27:37.899" level="INFO">Typing text 'tomsmith' into text field 'id:username'.</msg>
<status status="PASS" starttime="20221006 21:27:37.899" endtime="20221006 21:27:38.003"/>
</kw>
<kw name="Input Password" library="PuppeteerLibrary">
<arg>id:password</arg>
<arg>${PASSWORD_FAIL}</arg>
<doc>Types the given text into text field same as ``Input Text`` Keyword.</doc>
<msg timestamp="20221006 21:27:38.005" level="INFO">Typing password into text field 'id:password'.</msg>
<status status="PASS" starttime="20221006 21:27:38.003" endtime="20221006 21:27:38.110"/>
</kw>
<status status="PASS" starttime="20221006 21:27:37.899" endtime="20221006 21:27:38.110"/>
</kw>
<kw name="Click Login button failed - Password is invalid" library="login-page-keywords">
<kw name="Click Button" library="PuppeteerLibrary">
<arg>css:button[type='submit']</arg>
<doc>Clicks button identified by ``locator``.</doc>
<msg timestamp="20221006 21:27:38.111" level="INFO">Clicking button 'css:button[type='submit']'.</msg>
<status status="PASS" starttime="20221006 21:27:38.111" endtime="20221006 21:27:39.503"/>
</kw>
<kw name="Wait Until Element Contains" library="PuppeteerLibrary">
<arg>id:flash</arg>
<arg>Your password is invalid!</arg>
<doc>Waits until ``locator`` element contains ``text``.</doc>
<status status="PASS" starttime="20221006 21:27:39.503" endtime="20221006 21:27:39.553"/>
</kw>
<status status="PASS" starttime="20221006 21:27:38.110" endtime="20221006 21:27:39.553"/>
</kw>
<kw name="Test teardown" library="login-page-keywords" type="TEARDOWN">
<kw name="Stop Tracing" library="PuppeteerLibrary">
<doc>Stop trace and generate the trace file.</doc>
<status status="PASS" starttime="20221006 21:27:39.554" endtime="20221006 21:27:39.650"/>
</kw>
<kw name="Close All Browser" library="PuppeteerLibrary">
<doc>Close all browser</doc>
<status status="PASS" starttime="20221006 21:27:39.650" endtime="20221006 21:27:40.259"/>
</kw>
<status status="PASS" starttime="20221006 21:27:39.554" endtime="20221006 21:27:40.259"/>
</kw>
<doc>Login failed - Password incorrect</doc>
<tag>failed</tag>
<status status="PASS" starttime="20221006 21:27:29.648" endtime="20221006 21:27:40.259"/>
</test>
<test id="s1-t3" name="TC3">
<kw name="Open browser to Login Page" library="login-page-keywords" type="SETUP">
<kw name="Get Variable Value" library="BuiltIn">
<var>${BROWSER}</var>
<arg>${BROWSER}</arg>
<arg>${DEFAULT_BROWSER}</arg>
<doc>Returns variable value or ``default`` if the variable does not exist.</doc>
<msg timestamp="20221006 21:27:40.265" level="INFO">${BROWSER} = chrome</msg>
<status status="PASS" starttime="20221006 21:27:40.261" endtime="20221006 21:27:40.265"/>
</kw>
<kw name="Get Variable Value" library="BuiltIn">
<var>${HEADLESS}</var>
<arg>${HEADLESS}</arg>
<arg>${False}</arg>
<doc>Returns variable value or ``default`` if the variable does not exist.</doc>
<msg timestamp="20221006 21:27:40.268" level="INFO">${HEADLESS} = False</msg>
<status status="PASS" starttime="20221006 21:27:40.265" endtime="20221006 21:27:40.268"/>
</kw>
<kw name="Create Dictionary" library="BuiltIn">
<var>&amp;{options}</var>
<arg>headless=${HEADLESS}</arg>
<doc>Creates and returns a dictionary based on the given ``items``.</doc>
<msg timestamp="20221006 21:27:40.269" level="INFO">&amp;{options} = { headless=False }</msg>
<status status="PASS" starttime="20221006 21:27:40.269" endtime="20221006 21:27:40.269"/>
</kw>
<kw name="Open Browser" library="PuppeteerLibrary">
<arg>${HOME_PAGE_URL}</arg>
<arg>browser=${BROWSER}</arg>
<arg>options=${options}</arg>
<doc>Opens a new browser instance to the specific ``url``.</doc>
<msg timestamp="20221006 21:27:40.270" level="INFO">http://the-internet.herokuapp.com/login</msg>
<status status="PASS" starttime="20221006 21:27:40.269" endtime="20221006 21:27:44.172"/>
</kw>
<kw name="Start Tracing" library="PuppeteerLibrary">
<doc>Create trace log file</doc>
<status status="PASS" starttime="20221006 21:27:44.172" endtime="20221006 21:27:44.180"/>
</kw>
<kw name="Wait Until Element Contains" library="PuppeteerLibrary">
<arg>xpath://h2[contains(text(),'Login Page')]</arg>
<arg>Login Page</arg>
<doc>Waits until ``locator`` element contains ``text``.</doc>
<status status="PASS" starttime="20221006 21:27:44.180" endtime="20221006 21:27:44.216"/>
</kw>
<status status="PASS" starttime="20221006 21:27:40.261" endtime="20221006 21:27:44.217"/>
</kw>
<kw name="Input a username that did not exist" library="login-page-keywords">
<kw name="Input Text" library="PuppeteerLibrary">
<arg>id:username</arg>
<arg>${USERNAME_FAIL}</arg>
<doc>Types the given text into text field identified by ``locator``.</doc>
<msg timestamp="20221006 21:27:44.218" level="INFO">Typing text 'tomholland' into text field 'id:username'.</msg>
<status status="PASS" starttime="20221006 21:27:44.217" endtime="20221006 21:27:44.338"/>
</kw>
<kw name="Input Password" library="PuppeteerLibrary">
<arg>id:password</arg>
<arg>${PASSWORD_FAIL}</arg>
<doc>Types the given text into text field same as ``Input Text`` Keyword.</doc>
<msg timestamp="20221006 21:27:44.339" level="INFO">Typing password into text field 'id:password'.</msg>
<status status="PASS" starttime="20221006 21:27:44.338" endtime="20221006 21:27:44.447"/>
</kw>
<status status="PASS" starttime="20221006 21:27:44.217" endtime="20221006 21:27:44.447"/>
</kw>
<kw name="Click Login button failed - Username is invalid" library="login-page-keywords">
<kw name="Click Button" library="PuppeteerLibrary">
<arg>css:button[type='submit']</arg>
<doc>Clicks button identified by ``locator``.</doc>
<msg timestamp="20221006 21:27:44.449" level="INFO">Clicking button 'css:button[type='submit']'.</msg>
<status status="PASS" starttime="20221006 21:27:44.448" endtime="20221006 21:27:45.815"/>
</kw>
<kw name="Wait Until Element Contains" library="PuppeteerLibrary">
<arg>id:flash</arg>
<arg>Your username is invalid!</arg>
<doc>Waits until ``locator`` element contains ``text``.</doc>
<status status="PASS" starttime="20221006 21:27:45.815" endtime="20221006 21:27:46.593"/>
</kw>
<status status="PASS" starttime="20221006 21:27:44.448" endtime="20221006 21:27:46.594"/>
</kw>
<kw name="Test teardown" library="login-page-keywords" type="TEARDOWN">
<kw name="Stop Tracing" library="PuppeteerLibrary">
<doc>Stop trace and generate the trace file.</doc>
<status status="PASS" starttime="20221006 21:27:46.595" endtime="20221006 21:27:46.688"/>
</kw>
<kw name="Close All Browser" library="PuppeteerLibrary">
<doc>Close all browser</doc>
<status status="PASS" starttime="20221006 21:27:46.688" endtime="20221006 21:27:47.147"/>
</kw>
<status status="PASS" starttime="20221006 21:27:46.594" endtime="20221006 21:27:47.147"/>
</kw>
<doc>Login failed - Username not found</doc>
<tag>failed</tag>
<status status="PASS" starttime="20221006 21:27:40.260" endtime="20221006 21:27:47.148"/>
</test>
<kw name="Close Puppeteer" library="PuppeteerLibrary" type="TEARDOWN">
<status status="PASS" starttime="20221006 21:27:47.149" endtime="20221006 21:27:47.163"/>
</kw>
<status status="PASS" starttime="20221006 21:27:19.257" endtime="20221006 21:27:47.163"/>
</suite>
<statistics>
<total>
<stat pass="3" fail="0" skip="0">All Tests</stat>
</total>
<tag>
<stat pass="2" fail="0" skip="0">failed</stat>
<stat pass="1" fail="0" skip="0">passed</stat>
</tag>
<suite>
<stat pass="3" fail="0" skip="0" id="s1" name="Login-Page-Testcase">Login-Page-Testcase</stat>
</suite>
</statistics>
<errors>
</errors>
</robot>
